<?xml version="1.0" encoding="UTF-8"?>
<testng-results skipped="0" failed="0" ignored="0" total="1" passed="1">
  <reporter-output>
  </reporter-output>
  <suite name="Default suite" duration-ms="424929" started-at="2022-04-19T12:10:24Z" finished-at="2022-04-19T12:17:29Z">
    <groups>
    </groups>
    <test name="Default test" duration-ms="424929" started-at="2022-04-19T12:10:24Z" finished-at="2022-04-19T12:17:29Z">
      <class name="pom.irctc.testcase.TC005">
        <test-method status="PASS" signature="beforeSuite()[pri:0, instance:pom.irctc.testcase.TC005@73846619]" name="beforeSuite" is-config="true" duration-ms="957" started-at="2022-04-19T17:40:23Z" finished-at="2022-04-19T17:40:24Z">
          <reporter-output>
          </reporter-output>
        </test-method> <!-- beforeSuite -->
        <test-method status="PASS" signature="beforeTest()[pri:0, instance:pom.irctc.testcase.TC005@73846619]" name="beforeTest" is-config="true" duration-ms="0" started-at="2022-04-19T17:40:24Z" finished-at="2022-04-19T17:40:24Z">
          <reporter-output>
          </reporter-output>
        </test-method> <!-- beforeTest -->
        <test-method status="PASS" signature="beforeClass()[pri:0, instance:pom.irctc.testcase.TC005@73846619]" name="beforeClass" is-config="true" duration-ms="1" started-at="2022-04-19T17:40:24Z" finished-at="2022-04-19T17:40:24Z">
          <reporter-output>
          </reporter-output>
        </test-method> <!-- beforeClass -->
        <test-method status="PASS" signature="beforeMethod()[pri:0, instance:pom.irctc.testcase.TC005@73846619]" name="beforeMethod" is-config="true" duration-ms="15863" started-at="2022-04-19T17:40:24Z" finished-at="2022-04-19T17:40:40Z">
          <reporter-output>
          </reporter-output>
        </test-method> <!-- beforeMethod -->
        <test-method status="PASS" signature="verifyGst()[pri:0, instance:pom.irctc.testcase.TC005@73846619]" name="verifyGst" duration-ms="407874" started-at="2022-04-19T17:40:40Z" finished-at="2022-04-19T17:47:28Z">
          <reporter-output>
          </reporter-output>
        </test-method> <!-- verifyGst -->
        <test-method status="PASS" signature="afterMethod()[pri:0, instance:pom.irctc.testcase.TC005@73846619]" name="afterMethod" is-config="true" duration-ms="1148" started-at="2022-04-19T17:47:28Z" finished-at="2022-04-19T17:47:29Z">
          <reporter-output>
          </reporter-output>
        </test-method> <!-- afterMethod -->
        <test-method status="PASS" signature="afterClass()[pri:0, instance:pom.irctc.testcase.TC005@73846619]" name="afterClass" is-config="true" duration-ms="0" started-at="2022-04-19T17:47:29Z" finished-at="2022-04-19T17:47:29Z">
          <reporter-output>
          </reporter-output>
        </test-method> <!-- afterClass -->
        <test-method status="PASS" signature="afterTest()[pri:0, instance:pom.irctc.testcase.TC005@73846619]" name="afterTest" is-config="true" duration-ms="1" started-at="2022-04-19T17:47:29Z" finished-at="2022-04-19T17:47:29Z">
          <reporter-output>
          </reporter-output>
        </test-method> <!-- afterTest -->
        <test-method status="PASS" signature="afterSuite()[pri:0, instance:pom.irctc.testcase.TC005@73846619]" name="afterSuite" is-config="true" duration-ms="573" started-at="2022-04-19T17:47:29Z" finished-at="2022-04-19T17:47:30Z">
          <reporter-output>
          </reporter-output>
        </test-method> <!-- afterSuite -->
      </class> <!-- pom.irctc.testcase.TC005 -->
    </test> <!-- Default test -->
  </suite> <!-- Default suite -->
</testng-results>
