<?xml version="1.0" encoding="UTF-8"?>
<testng-results skipped="0" failed="0" total="2" passed="2">
  <reporter-output>
  </reporter-output>
  <suite name="Suite" duration-ms="92398" started-at="2022-10-20T03:54:06Z" finished-at="2022-10-20T03:55:38Z">
    <groups>
    </groups>
    <test name="Test" duration-ms="92398" started-at="2022-10-20T03:54:06Z" finished-at="2022-10-20T03:55:38Z">
      <class name="testcases.TC002">
        <test-method status="PASS" signature="beforeClass()[pri:0, instance:testcases.TC002@5e3a8624]" name="beforeClass" is-config="true" duration-ms="0" started-at="2022-10-20T11:55:00Z" finished-at="2022-10-20T11:55:00Z">
          <reporter-output>
          </reporter-output>
        </test-method> <!-- beforeClass -->
        <test-method status="PASS" signature="beforeMethod()[pri:0, instance:testcases.TC002@5e3a8624]" name="beforeMethod" is-config="true" duration-ms="26787" started-at="2022-10-20T11:55:00Z" finished-at="2022-10-20T11:55:27Z">
          <reporter-output>
          </reporter-output>
        </test-method> <!-- beforeMethod -->
        <test-method status="PASS" signature="customerLogin()[pri:0, instance:testcases.TC002@5e3a8624]" name="customerLogin" duration-ms="9849" started-at="2022-10-20T11:55:27Z" finished-at="2022-10-20T11:55:37Z">
          <reporter-output>
          </reporter-output>
        </test-method> <!-- customerLogin -->
        <test-method status="PASS" signature="afterMethod()[pri:0, instance:testcases.TC002@5e3a8624]" name="afterMethod" is-config="true" duration-ms="916" started-at="2022-10-20T11:55:37Z" finished-at="2022-10-20T11:55:38Z">
          <reporter-output>
          </reporter-output>
        </test-method> <!-- afterMethod -->
        <test-method status="PASS" signature="afterClass()[pri:0, instance:testcases.TC002@5e3a8624]" name="afterClass" is-config="true" duration-ms="0" started-at="2022-10-20T11:55:38Z" finished-at="2022-10-20T11:55:38Z">
          <reporter-output>
          </reporter-output>
        </test-method> <!-- afterClass -->
      </class> <!-- testcases.TC002 -->
      <class name="testcases.TC001">
        <test-method status="PASS" signature="beforeSuite()[pri:0, instance:testcases.TC001@1bce4f0a]" name="beforeSuite" is-config="true" duration-ms="188" started-at="2022-10-20T11:54:05Z" finished-at="2022-10-20T11:54:06Z">
          <reporter-output>
          </reporter-output>
        </test-method> <!-- beforeSuite -->
        <test-method status="PASS" signature="beforeTest()[pri:0, instance:testcases.TC001@1bce4f0a]" name="beforeTest" is-config="true" duration-ms="0" started-at="2022-10-20T11:54:06Z" finished-at="2022-10-20T11:54:06Z">
          <reporter-output>
          </reporter-output>
        </test-method> <!-- beforeTest -->
        <test-method status="PASS" signature="beforeClass()[pri:0, instance:testcases.TC001@1bce4f0a]" name="beforeClass" is-config="true" duration-ms="0" started-at="2022-10-20T11:54:06Z" finished-at="2022-10-20T11:54:06Z">
          <reporter-output>
          </reporter-output>
        </test-method> <!-- beforeClass -->
        <test-method status="PASS" signature="beforeMethod()[pri:0, instance:testcases.TC001@1bce4f0a]" name="beforeMethod" is-config="true" duration-ms="27916" started-at="2022-10-20T11:54:06Z" finished-at="2022-10-20T11:54:33Z">
          <reporter-output>
          </reporter-output>
        </test-method> <!-- beforeMethod -->
        <test-method status="PASS" signature="CustomerDetails()[pri:0, instance:testcases.TC001@1bce4f0a]" name="CustomerDetails" duration-ms="25994" started-at="2022-10-20T11:54:33Z" finished-at="2022-10-20T11:54:59Z">
          <reporter-output>
          </reporter-output>
        </test-method> <!-- CustomerDetails -->
        <test-method status="PASS" signature="afterMethod()[pri:0, instance:testcases.TC001@1bce4f0a]" name="afterMethod" is-config="true" duration-ms="922" started-at="2022-10-20T11:54:59Z" finished-at="2022-10-20T11:55:00Z">
          <reporter-output>
          </reporter-output>
        </test-method> <!-- afterMethod -->
        <test-method status="PASS" signature="afterClass()[pri:0, instance:testcases.TC001@1bce4f0a]" name="afterClass" is-config="true" duration-ms="3" started-at="2022-10-20T11:55:00Z" finished-at="2022-10-20T11:55:00Z">
          <reporter-output>
          </reporter-output>
        </test-method> <!-- afterClass -->
        <test-method status="PASS" signature="afterTest()[pri:0, instance:testcases.TC001@1bce4f0a]" name="afterTest" is-config="true" duration-ms="1" started-at="2022-10-20T11:55:38Z" finished-at="2022-10-20T11:55:38Z">
          <reporter-output>
          </reporter-output>
        </test-method> <!-- afterTest -->
        <test-method status="PASS" signature="afterSuite()[pri:0, instance:testcases.TC001@1bce4f0a]" name="afterSuite" is-config="true" duration-ms="459" started-at="2022-10-20T11:55:38Z" finished-at="2022-10-20T11:55:38Z">
          <reporter-output>
          </reporter-output>
        </test-method> <!-- afterSuite -->
      </class> <!-- testcases.TC001 -->
    </test> <!-- Test -->
  </suite> <!-- Suite -->
</testng-results>
