<?xml version="1.0" encoding="UTF-8"?>
<testng-results skipped="0" failed="0" total="2" passed="2">
  <reporter-output>
  </reporter-output>
  <suite name="Suite" duration-ms="91868" started-at="2022-10-20T07:19:48Z" finished-at="2022-10-20T07:21:19Z">
    <groups>
    </groups>
    <test name="Test" duration-ms="91868" started-at="2022-10-20T07:19:48Z" finished-at="2022-10-20T07:21:19Z">
      <class name="testcases.TC002">
        <test-method status="PASS" signature="beforeClass()[pri:0, instance:testcases.TC002@5e3a8624]" name="beforeClass" is-config="true" duration-ms="0" started-at="2022-10-20T15:20:41Z" finished-at="2022-10-20T15:20:41Z">
          <reporter-output>
          </reporter-output>
        </test-method> <!-- beforeClass -->
        <test-method status="PASS" signature="beforeMethod()[pri:0, instance:testcases.TC002@5e3a8624]" name="beforeMethod" is-config="true" duration-ms="26719" started-at="2022-10-20T15:20:41Z" finished-at="2022-10-20T15:21:08Z">
          <reporter-output>
          </reporter-output>
        </test-method> <!-- beforeMethod -->
        <test-method status="PASS" signature="customerLogin()[pri:0, instance:testcases.TC002@5e3a8624]" name="customerLogin" duration-ms="10338" started-at="2022-10-20T15:21:08Z" finished-at="2022-10-20T15:21:18Z">
          <reporter-output>
          </reporter-output>
        </test-method> <!-- customerLogin -->
        <test-method status="PASS" signature="afterMethod()[pri:0, instance:testcases.TC002@5e3a8624]" name="afterMethod" is-config="true" duration-ms="1370" started-at="2022-10-20T15:21:18Z" finished-at="2022-10-20T15:21:19Z">
          <reporter-output>
          </reporter-output>
        </test-method> <!-- afterMethod -->
        <test-method status="PASS" signature="afterClass()[pri:0, instance:testcases.TC002@5e3a8624]" name="afterClass" is-config="true" duration-ms="0" started-at="2022-10-20T15:21:19Z" finished-at="2022-10-20T15:21:19Z">
          <reporter-output>
          </reporter-output>
        </test-method> <!-- afterClass -->
      </class> <!-- testcases.TC002 -->
      <class name="testcases.TC001">
        <test-method status="PASS" signature="beforeSuite()[pri:0, instance:testcases.TC001@1bce4f0a]" name="beforeSuite" is-config="true" duration-ms="185" started-at="2022-10-20T15:19:47Z" finished-at="2022-10-20T15:19:48Z">
          <reporter-output>
          </reporter-output>
        </test-method> <!-- beforeSuite -->
        <test-method status="PASS" signature="beforeTest()[pri:0, instance:testcases.TC001@1bce4f0a]" name="beforeTest" is-config="true" duration-ms="0" started-at="2022-10-20T15:19:48Z" finished-at="2022-10-20T15:19:48Z">
          <reporter-output>
          </reporter-output>
        </test-method> <!-- beforeTest -->
        <test-method status="PASS" signature="beforeClass()[pri:0, instance:testcases.TC001@1bce4f0a]" name="beforeClass" is-config="true" duration-ms="0" started-at="2022-10-20T15:19:48Z" finished-at="2022-10-20T15:19:48Z">
          <reporter-output>
          </reporter-output>
        </test-method> <!-- beforeClass -->
        <test-method status="PASS" signature="beforeMethod()[pri:0, instance:testcases.TC001@1bce4f0a]" name="beforeMethod" is-config="true" duration-ms="28110" started-at="2022-10-20T15:19:48Z" finished-at="2022-10-20T15:20:16Z">
          <reporter-output>
          </reporter-output>
        </test-method> <!-- beforeMethod -->
        <test-method status="PASS" signature="CustomerDetails()[pri:0, instance:testcases.TC001@1bce4f0a]" name="CustomerDetails" duration-ms="24453" started-at="2022-10-20T15:20:16Z" finished-at="2022-10-20T15:20:40Z">
          <reporter-output>
          </reporter-output>
        </test-method> <!-- CustomerDetails -->
        <test-method status="PASS" signature="afterMethod()[pri:0, instance:testcases.TC001@1bce4f0a]" name="afterMethod" is-config="true" duration-ms="861" started-at="2022-10-20T15:20:40Z" finished-at="2022-10-20T15:20:41Z">
          <reporter-output>
          </reporter-output>
        </test-method> <!-- afterMethod -->
        <test-method status="PASS" signature="afterClass()[pri:0, instance:testcases.TC001@1bce4f0a]" name="afterClass" is-config="true" duration-ms="3" started-at="2022-10-20T15:20:41Z" finished-at="2022-10-20T15:20:41Z">
          <reporter-output>
          </reporter-output>
        </test-method> <!-- afterClass -->
        <test-method status="PASS" signature="afterTest()[pri:0, instance:testcases.TC001@1bce4f0a]" name="afterTest" is-config="true" duration-ms="0" started-at="2022-10-20T15:21:19Z" finished-at="2022-10-20T15:21:19Z">
          <reporter-output>
          </reporter-output>
        </test-method> <!-- afterTest -->
        <test-method status="PASS" signature="afterSuite()[pri:0, instance:testcases.TC001@1bce4f0a]" name="afterSuite" is-config="true" duration-ms="618" started-at="2022-10-20T15:21:19Z" finished-at="2022-10-20T15:21:20Z">
          <reporter-output>
          </reporter-output>
        </test-method> <!-- afterSuite -->
      </class> <!-- testcases.TC001 -->
    </test> <!-- Test -->
  </suite> <!-- Suite -->
</testng-results>
